<?xml version="1.0" encoding="UTF-8"?>
<testng-results skipped="0" failed="0" ignored="0" total="1" passed="1">
  <reporter-output>
  </reporter-output>
  <suite name="Suite" duration-ms="28847" started-at="2019-10-09T23:43:42 PDT" finished-at="2019-10-09T23:44:11 PDT">
    <groups>
    </groups>
    <test name="Test" duration-ms="28847" started-at="2019-10-09T23:43:42 PDT" finished-at="2019-10-09T23:44:11 PDT">
      <class name="ppfpack.tests.LoginTest">
        <test-method status="PASS" signature="testLogin()[pri:0, instance:ppfpack.tests.LoginTest@6483f5ae]" name="testLogin" duration-ms="27358" started-at="2019-10-09T23:43:42 PDT" finished-at="2019-10-09T23:44:09 PDT">
          <reporter-output>
          </reporter-output>
        </test-method> <!-- testLogin -->
        <test-method status="PASS" signature="testClosure()[pri:0, instance:ppfpack.tests.LoginTest@6483f5ae]" name="testClosure" is-config="true" duration-ms="1455" started-at="2019-10-09T23:44:09 PDT" finished-at="2019-10-09T23:44:11 PDT">
          <reporter-output>
          </reporter-output>
        </test-method> <!-- testClosure -->
      </class> <!-- ppfpack.tests.LoginTest -->
    </test> <!-- Test -->
  </suite> <!-- Suite -->
</testng-results>
